2017-07-11 15:44:11.014  INFO 12720 --- [main] com.boot.config.Application              : Starting Application on T-BAN-602513 with PID 12720 (D:\WorkSPace\SpringBoot\target\classes started by ninganagouda.patil in D:\WorkSPace\SpringBoot)
2017-07-11 15:44:11.023  INFO 12720 --- [main] com.boot.config.Application              : No active profile set, falling back to default profiles: default
2017-07-11 15:44:12.100  INFO 12720 --- [main] ationConfigEmbeddedWebApplicationContext : Refreshing org.springframework.boot.context.embedded.AnnotationConfigEmbeddedWebApplicationContext@78b1cc93: startup date [Tue Jul 11 15:44:12 IST 2017]; root of context hierarchy
2017-07-11 15:44:14.823  INFO 12720 --- [main] s.b.c.e.t.TomcatEmbeddedServletContainer : Tomcat initialized with port(s): 2020 (http)
2017-07-11 15:44:14.845  INFO 12720 --- [main] o.apache.catalina.core.StandardService   : Starting service [Tomcat]
2017-07-11 15:44:14.847  INFO 12720 --- [main] org.apache.catalina.core.StandardEngine  : Starting Servlet Engine: Apache Tomcat/8.5.15
2017-07-11 15:44:15.130  INFO 12720 --- [localhost-startStop-1] o.a.c.c.C.[Tomcat].[localhost].[/]       : Initializing Spring embedded WebApplicationContext
2017-07-11 15:44:15.130  INFO 12720 --- [localhost-startStop-1] o.s.web.context.ContextLoader            : Root WebApplicationContext: initialization completed in 3030 ms
2017-07-11 15:44:15.354  INFO 12720 --- [localhost-startStop-1] o.s.b.w.servlet.ServletRegistrationBean  : Mapping servlet: 'dispatcherServlet' to [/]
2017-07-11 15:44:15.365  INFO 12720 --- [localhost-startStop-1] o.s.b.w.servlet.FilterRegistrationBean   : Mapping filter: 'characterEncodingFilter' to: [/*]
2017-07-11 15:44:15.366  INFO 12720 --- [localhost-startStop-1] o.s.b.w.servlet.FilterRegistrationBean   : Mapping filter: 'hiddenHttpMethodFilter' to: [/*]
2017-07-11 15:44:15.367  INFO 12720 --- [localhost-startStop-1] o.s.b.w.servlet.FilterRegistrationBean   : Mapping filter: 'httpPutFormContentFilter' to: [/*]
2017-07-11 15:44:15.367  INFO 12720 --- [localhost-startStop-1] o.s.b.w.servlet.FilterRegistrationBean   : Mapping filter: 'requestContextFilter' to: [/*]
2017-07-11 15:44:15.441  INFO 12720 --- [main] o.s.j.d.DriverManagerDataSource          : Loaded JDBC driver: com.mysql.jdbc.Driver
2017-07-11 15:44:15.619  INFO 12720 --- [main] j.LocalContainerEntityManagerFactoryBean : Building JPA container EntityManagerFactory for persistence unit 'default'
2017-07-11 15:44:15.637  INFO 12720 --- [main] o.hibernate.jpa.internal.util.LogHelper  : HHH000204: Processing PersistenceUnitInfo [
	name: default
	...]
2017-07-11 15:44:15.723  INFO 12720 --- [main] org.hibernate.Version                    : HHH000412: Hibernate Core {5.0.12.Final}
2017-07-11 15:44:15.723  INFO 12720 --- [main] org.hibernate.cfg.Environment            : HHH000206: hibernate.properties not found
2017-07-11 15:44:15.723  INFO 12720 --- [main] org.hibernate.cfg.Environment            : HHH000021: Bytecode provider name : javassist
2017-07-11 15:44:15.770  INFO 12720 --- [main] o.hibernate.annotations.common.Version   : HCANN000001: Hibernate Commons Annotations {5.0.1.Final}
2017-07-11 15:44:16.179  INFO 12720 --- [main] org.hibernate.dialect.Dialect            : HHH000400: Using dialect: org.hibernate.dialect.MySQLDialect
2017-07-11 15:44:16.832  INFO 12720 --- [main] j.LocalContainerEntityManagerFactoryBean : Initialized JPA EntityManagerFactory for persistence unit 'default'
2017-07-11 15:44:17.276  INFO 12720 --- [main] org.hibernate.dialect.Dialect            : HHH000400: Using dialect: org.hibernate.dialect.MySQLDialect
2017-07-11 15:44:18.708  INFO 12720 --- [main] s.w.s.m.m.a.RequestMappingHandlerAdapter : Looking for @ControllerAdvice: org.springframework.boot.context.embedded.AnnotationConfigEmbeddedWebApplicationContext@78b1cc93: startup date [Tue Jul 11 15:44:12 IST 2017]; root of context hierarchy
2017-07-11 15:44:18.831  INFO 12720 --- [main] s.w.s.m.m.a.RequestMappingHandlerMapping : Mapped "{[/vim/{id}/catalog],methods=[GET]}" onto public java.lang.String com.boot.controller.CatalogController.get(java.lang.Long) throws org.apache.http.client.ClientProtocolException,java.io.IOException
2017-07-11 15:44:18.833  INFO 12720 --- [main] s.w.s.m.m.a.RequestMappingHandlerMapping : Mapped "{[],methods=[GET]}" onto public org.springframework.http.ResponseEntity<java.lang.String> com.boot.controller.MiscController.response()
2017-07-11 15:44:18.834  INFO 12720 --- [main] s.w.s.m.m.a.RequestMappingHandlerMapping : Mapped "{[/restAPI],methods=[GET]}" onto public java.lang.String com.boot.controller.RestControllerAPI.get() throws org.apache.http.client.ClientProtocolException,java.io.IOException
2017-07-11 15:44:18.839  INFO 12720 --- [main] s.w.s.m.m.a.RequestMappingHandlerMapping : Mapped "{[/error]}" onto public org.springframework.http.ResponseEntity<java.util.Map<java.lang.String, java.lang.Object>> org.springframework.boot.autoconfigure.web.BasicErrorController.error(javax.servlet.http.HttpServletRequest)
2017-07-11 15:44:18.840  INFO 12720 --- [main] s.w.s.m.m.a.RequestMappingHandlerMapping : Mapped "{[/error],produces=[text/html]}" onto public org.springframework.web.servlet.ModelAndView org.springframework.boot.autoconfigure.web.BasicErrorController.errorHtml(javax.servlet.http.HttpServletRequest,javax.servlet.http.HttpServletResponse)
2017-07-11 15:44:18.889  INFO 12720 --- [main] o.s.w.s.handler.SimpleUrlHandlerMapping  : Mapped URL path [/webjars/**] onto handler of type [class org.springframework.web.servlet.resource.ResourceHttpRequestHandler]
2017-07-11 15:44:18.890  INFO 12720 --- [main] o.s.w.s.handler.SimpleUrlHandlerMapping  : Mapped URL path [/**] onto handler of type [class org.springframework.web.servlet.resource.ResourceHttpRequestHandler]
2017-07-11 15:44:18.957  INFO 12720 --- [main] o.s.w.s.handler.SimpleUrlHandlerMapping  : Mapped URL path [/**/favicon.ico] onto handler of type [class org.springframework.web.servlet.resource.ResourceHttpRequestHandler]
2017-07-11 15:44:19.490  INFO 12720 --- [main] o.s.j.e.a.AnnotationMBeanExporter        : Registering beans for JMX exposure on startup
2017-07-11 15:44:19.585  INFO 12720 --- [main] s.b.c.e.t.TomcatEmbeddedServletContainer : Tomcat started on port(s): 2020 (http)
2017-07-11 15:44:19.591  INFO 12720 --- [main] com.boot.config.Application              : Started Application in 8.962 seconds (JVM running for 9.6)
2017-07-11 15:44:24.618  INFO 12720 --- [http-nio-2020-exec-1] o.a.c.c.C.[Tomcat].[localhost].[/]       : Initializing Spring FrameworkServlet 'dispatcherServlet'
2017-07-11 15:44:24.618  INFO 12720 --- [http-nio-2020-exec-1] o.s.web.servlet.DispatcherServlet        : FrameworkServlet 'dispatcherServlet': initialization started
2017-07-11 15:44:24.645  INFO 12720 --- [http-nio-2020-exec-1] o.s.web.servlet.DispatcherServlet        : FrameworkServlet 'dispatcherServlet': initialization completed in 27 ms
2017-07-11 15:44:25.100  INFO 12720 --- [http-nio-2020-exec-1] com.boot.controller.RestControllerAPI    : scattered clouds
2017-07-11 15:45:59.204  INFO 12720 --- [http-nio-2020-exec-4] com.boot.controller.RestControllerAPI    : scattered clouds
2017-07-11 15:46:30.105  INFO 12720 --- [http-nio-2020-exec-7] com.boot.controller.RestControllerAPI    : scattered clouds
2017-07-11 15:50:51.002  INFO 12720 --- [RMI TCP Connection(2)-127.0.0.1] inMXBeanRegistrar$SpringApplicationAdmin : Application shutdown requested.
2017-07-11 15:50:51.006  INFO 12720 --- [RMI TCP Connection(2)-127.0.0.1] ationConfigEmbeddedWebApplicationContext : Closing org.springframework.boot.context.embedded.AnnotationConfigEmbeddedWebApplicationContext@78b1cc93: startup date [Tue Jul 11 15:44:12 IST 2017]; root of context hierarchy
2017-07-11 15:50:51.007  INFO 12720 --- [RMI TCP Connection(2)-127.0.0.1] o.s.j.e.a.AnnotationMBeanExporter        : Unregistering JMX-exposed beans on shutdown
2017-07-11 15:50:51.007  INFO 12720 --- [RMI TCP Connection(2)-127.0.0.1] j.LocalContainerEntityManagerFactoryBean : Closing JPA EntityManagerFactory for persistence unit 'default'
Ninganagouda asasdasdas
